Using pre-set license
Built from '2020.3/release' branch; Version is '2020.3.34f1 (9a4c9c70452b) revision 10112156'; Using compiler version '192528614'; Build Type 'Release'
OS: 'Windows 11  (10.0.22621) 64bit Core' Language: 'en' Physical Memory: 6074 MB
BatchMode: 1, IsHumanControllingUs: 0, StartBugReporterOnCrash: 0, Is64bit: 1, IsPro: 0

COMMAND LINE ARGUMENTS:
C:\Program Files\Unity\Hub\Editor\2020.3.34f1\Editor\Unity.exe
-adb2
-batchMode
-noUpm
-name
AssetImportWorker1
-projectPath
C:/Users/max/Documents/GitHub/max's-1st-project/max's 1st project
-logFile
Logs/AssetImportWorker1.log
-srvPort
57887
Successfully changed project path to: C:/Users/max/Documents/GitHub/max's-1st-project/max's 1st project
C:/Users/max/Documents/GitHub/max's-1st-project/max's 1st project
Using Asset Import Pipeline V2.
Refreshing native plugins compatible for Editor in 88.10 ms, found 3 plugins.
Preloading 0 native plugins for Editor in 0.00 ms.
Initialize engine version: 2020.3.34f1 (9a4c9c70452b)
[Subsystems] Discovering subsystems at path C:/Program Files/Unity/Hub/Editor/2020.3.34f1/Editor/Data/Resources/UnitySubsystems
[Subsystems] Discovering subsystems at path C:/Users/max/Documents/GitHub/max's-1st-project/max's 1st project/Assets
GfxDevice: creating device client; threaded=0
Direct3D:
    Version:  Direct3D 11.0 [level 11.1]
    Renderer: AMD Radeon(TM) Vega 3 Graphics (ID=0x15d8)
    Vendor:   
    VRAM:     3037 MB
    Driver:   27.20.1026.1
Initialize mono
Mono path[0] = 'C:/Program Files/Unity/Hub/Editor/2020.3.34f1/Editor/Data/Managed'
Mono path[1] = 'C:/Program Files/Unity/Hub/Editor/2020.3.34f1/Editor/Data/MonoBleedingEdge/lib/mono/unityjit'
Mono config path = 'C:/Program Files/Unity/Hub/Editor/2020.3.34f1/Editor/Data/MonoBleedingEdge/etc'
Using monoOptions --debugger-agent=transport=dt_socket,embedding=1,server=y,suspend=n,address=127.0.0.1:56032
Begin MonoManager ReloadAssembly
Registering precompiled unity dll's ...
Register platform support module: C:/Program Files/Unity/Hub/Editor/2020.3.34f1/Editor/Data/PlaybackEngines/WindowsStandaloneSupport/UnityEditor.WindowsStandalone.Extensions.dll
Registered in 0.002203 seconds.
Native extension for WindowsStandalone target not found
Refreshing native plugins compatible for Editor in 84.30 ms, found 3 plugins.
Preloading 0 native plugins for Editor in 0.00 ms.
Mono: successfully reloaded assembly
- Completed reload, in  1.078 seconds
Domain Reload Profiling:
	ReloadAssembly (1079ms)
		BeginReloadAssembly (132ms)
			ExecutionOrderSort (0ms)
			DisableScriptedObjects (0ms)
			BackupInstance (0ms)
			ReleaseScriptingObjects (0ms)
			CreateAndSetChildDomain (1ms)
		EndReloadAssembly (816ms)
			LoadAssemblies (129ms)
			RebuildTransferFunctionScriptingTraits (0ms)
			SetupTypeCache (251ms)
			ReleaseScriptCaches (0ms)
			RebuildScriptCaches (66ms)
			SetupLoadedEditorAssemblies (323ms)
				LogAssemblyErrors (0ms)
				InitializePlatformSupportModulesInManaged (11ms)
				SetLoadedEditorAssemblies (0ms)
				RefreshPlugins (84ms)
				BeforeProcessingInitializeOnLoad (30ms)
				ProcessInitializeOnLoadAttributes (148ms)
				ProcessInitializeOnLoadMethodAttributes (50ms)
				AfterProcessingInitializeOnLoad (0ms)
				EditorAssembliesLoaded (0ms)
			ExecutionOrderSort2 (0ms)
			AwakeInstancesAfterBackupRestoration (0ms)
Platform modules already initialized, skipping
Registering precompiled user dll's ...
Registered in 0.005337 seconds.
Begin MonoManager ReloadAssembly
Native extension for WindowsStandalone target not found
Refreshing native plugins compatible for Editor in 72.28 ms, found 3 plugins.
Preloading 0 native plugins for Editor in 0.00 ms.
Mono: successfully reloaded assembly
- Completed reload, in  9.681 seconds
Domain Reload Profiling:
	ReloadAssembly (9684ms)
		BeginReloadAssembly (246ms)
			ExecutionOrderSort (0ms)
			DisableScriptedObjects (7ms)
			BackupInstance (0ms)
			ReleaseScriptingObjects (0ms)
			CreateAndSetChildDomain (32ms)
		EndReloadAssembly (9339ms)
			LoadAssemblies (5033ms)
			RebuildTransferFunctionScriptingTraits (0ms)
			SetupTypeCache (1828ms)
			ReleaseScriptCaches (1ms)
			RebuildScriptCaches (98ms)
			SetupLoadedEditorAssemblies (2191ms)
				LogAssemblyErrors (0ms)
				InitializePlatformSupportModulesInManaged (6ms)
				SetLoadedEditorAssemblies (0ms)
				RefreshPlugins (72ms)
				BeforeProcessingInitializeOnLoad (152ms)
				ProcessInitializeOnLoadAttributes (694ms)
				ProcessInitializeOnLoadMethodAttributes (1256ms)
				AfterProcessingInitializeOnLoad (9ms)
				EditorAssembliesLoaded (0ms)
			ExecutionOrderSort2 (0ms)
			AwakeInstancesAfterBackupRestoration (3ms)
Platform modules already initialized, skipping
========================================================================
Worker process is ready to serve import requests
Launched and connected shader compiler UnityShaderCompiler.exe after 0.14 seconds
Refreshing native plugins compatible for Editor in 0.83 ms, found 3 plugins.
Preloading 0 native plugins for Editor in 0.00 ms.
Unloading 2221 Unused Serialized files (Serialized files now loaded: 0)
System memory in use before: 97.6 MB.
System memory in use after: 97.5 MB.

Unloading 31 unused Assets to reduce memory usage. Loaded Objects now: 2653.
Total: 6.175300 ms (FindLiveObjects: 0.447900 ms CreateObjectMapping: 0.333700 ms MarkObjects: 5.171600 ms  DeleteObjects: 0.219500 ms)

AssetImportParameters requested are different than current active one (requested -> active):
  custom:framework-win-MediaFoundation: 216162199b28c13a410421893ffa2e32 -> 
  custom:video-decoder-ogg-theora: a1e56fd34408186e4bbccfd4996cb3dc -> 
  custom:container-muxer-webm: aa71ff27fc2769a1b78a27578f13a17b -> 
  custom:container-demuxer-webm: 4f35f7cbe854078d1ac9338744f61a02 -> 
  custom:container-demuxer-ogg: 62fdf1f143b41e24485cea50d1cbac27 -> 
  custom:video-encoder-webm-vp8: eb34c28f22e8b96e1ab97ce403110664 -> 
  custom:video-decoder-webm-vp8: 9c59270c3fd7afecdb556c50c9e8de78 -> 
  custom:audio-decoder-ogg-vorbis: bf7c407c2cedff20999df2af8eb42d56 -> 
  custom:audio-encoder-webm-vorbis: bf7c407c2cedff20999df2af8eb42d56 -> 
========================================================================
Received Import Request.
  path: Assets/sprites/Wall-jump Texture.png
  artifactKey: Guid(ff5e8f44b361896488add0546f7a4aef) Importer(815301076,1909f56bfc062723c751e8b465ee728b)
Start importing Assets/sprites/Wall-jump Texture.png using Guid(ff5e8f44b361896488add0546f7a4aef) Importer(815301076,1909f56bfc062723c751e8b465ee728b)  -> (artifact id: 'f07debce2492f522ed13911607359e83') in 0.267610 seconds 
========================================================================
Received Import Request.
  Time since last request: 13.143732 seconds.
  path: Assets/sprites/Wall-jump Texture.png
  artifactKey: Guid(ff5e8f44b361896488add0546f7a4aef) Importer(815301076,1909f56bfc062723c751e8b465ee728b)
Start importing Assets/sprites/Wall-jump Texture.png using Guid(ff5e8f44b361896488add0546f7a4aef) Importer(815301076,1909f56bfc062723c751e8b465ee728b)  -> (artifact id: 'dacda0ac10c57febdece9d7eba81bc15') in 0.019922 seconds 
========================================================================
Received Import Request.
  Time since last request: 13.318894 seconds.
  path: Assets/sprites/Wall-jump Texture.png
  artifactKey: Guid(ff5e8f44b361896488add0546f7a4aef) Importer(815301076,1909f56bfc062723c751e8b465ee728b)
Start importing Assets/sprites/Wall-jump Texture.png using Guid(ff5e8f44b361896488add0546f7a4aef) Importer(815301076,1909f56bfc062723c751e8b465ee728b)  -> (artifact id: '360f5ed3747120e78974ac4e7b180807') in 0.021168 seconds 
========================================================================
Received Import Request.
  Time since last request: 17.055147 seconds.
  path: Assets/sprites/Wall-jump Texture.png
  artifactKey: Guid(ff5e8f44b361896488add0546f7a4aef) Importer(815301076,1909f56bfc062723c751e8b465ee728b)
Start importing Assets/sprites/Wall-jump Texture.png using Guid(ff5e8f44b361896488add0546f7a4aef) Importer(815301076,1909f56bfc062723c751e8b465ee728b)  -> (artifact id: '1b5c92c63123f05b437826c27445d964') in 0.092671 seconds 
========================================================================
Received Import Request.
  Time since last request: 55.208351 seconds.
  path: Assets/sprites/Wall-jump Corner (right).asset
  artifactKey: Guid(4880117f5dd92584eaa1f26b20de25c2) Importer(815301076,1909f56bfc062723c751e8b465ee728b)
Start importing Assets/sprites/Wall-jump Corner (right).asset using Guid(4880117f5dd92584eaa1f26b20de25c2) Importer(815301076,1909f56bfc062723c751e8b465ee728b)  -> (artifact id: '226f65d793696f3c2c5133ee23a166d1') in 0.045707 seconds 
========================================================================
Received Import Request.
  Time since last request: 12.185696 seconds.
  path: Assets/sprites/Level 3.prefab
  artifactKey: Guid(10383febc0cb89e44ab79d2f7f23f208) Importer(815301076,1909f56bfc062723c751e8b465ee728b)
Start importing Assets/sprites/Level 3.prefab using Guid(10383febc0cb89e44ab79d2f7f23f208) Importer(815301076,1909f56bfc062723c751e8b465ee728b)  -> (artifact id: '42596ae2053be0c32f6b6be646981323') in 0.214895 seconds 
========================================================================
Received Import Request.
  Time since last request: 33.392257 seconds.
  path: Assets/sprites/Wall-jump Top (right).asset
  artifactKey: Guid(a8ea81d7940bd7c498a05665edb97ab5) Importer(815301076,1909f56bfc062723c751e8b465ee728b)
Start importing Assets/sprites/Wall-jump Top (right).asset using Guid(a8ea81d7940bd7c498a05665edb97ab5) Importer(815301076,1909f56bfc062723c751e8b465ee728b)  -> (artifact id: 'ebdc4870208e1d0cdeb94fdc5a2a39aa') in 0.024965 seconds 
========================================================================
Received Import Request.
  Time since last request: 23.816530 seconds.
  path: Assets/sprites/Wall-jump Middle (right).asset
  artifactKey: Guid(3b69b2800aaf7af4aa5971328b23aefb) Importer(815301076,1909f56bfc062723c751e8b465ee728b)
Start importing Assets/sprites/Wall-jump Middle (right).asset using Guid(3b69b2800aaf7af4aa5971328b23aefb) Importer(815301076,1909f56bfc062723c751e8b465ee728b)  -> (artifact id: '420bcb2345a9a7a0b02ebf63b26dbaec') in 0.022079 seconds 
========================================================================
Received Import Request.
  Time since last request: 38.117922 seconds.
  path: Assets/sprites/Wall-jump Bottem (right).asset
  artifactKey: Guid(1044757e8a7a66645b909d37eb45f331) Importer(815301076,1909f56bfc062723c751e8b465ee728b)
Start importing Assets/sprites/Wall-jump Bottem (right).asset using Guid(1044757e8a7a66645b909d37eb45f331) Importer(815301076,1909f56bfc062723c751e8b465ee728b)  -> (artifact id: '44eb25e5d659c68a813deb8f573bedc9') in 0.020975 seconds 
========================================================================
Received Import Request.
  Time since last request: 33.544714 seconds.
  path: Assets/sprites/Wall-jump Bottem Corner (right).asset
  artifactKey: Guid(f82194cea9a960b42acb27b23d3172c0) Importer(815301076,1909f56bfc062723c751e8b465ee728b)
Start importing Assets/sprites/Wall-jump Bottem Corner (right).asset using Guid(f82194cea9a960b42acb27b23d3172c0) Importer(815301076,1909f56bfc062723c751e8b465ee728b)  -> (artifact id: '93509507bccd171a7ae7ea5da0c56ee5') in 0.027333 seconds 
========================================================================
Received Import Request.
  Time since last request: 11.942965 seconds.
  path: Assets/sprites/Wall-jump Top Corner (right).asset
  artifactKey: Guid(4880117f5dd92584eaa1f26b20de25c2) Importer(815301076,1909f56bfc062723c751e8b465ee728b)
Start importing Assets/sprites/Wall-jump Top Corner (right).asset using Guid(4880117f5dd92584eaa1f26b20de25c2) Importer(815301076,1909f56bfc062723c751e8b465ee728b)  -> (artifact id: 'ec7e12428b17740f7006896bdc0c1c26') in 0.019552 seconds 
========================================================================
Received Import Request.
  Time since last request: 38.318107 seconds.
  path: Assets/sprites/Wall-jump Top Corner (left).asset
  artifactKey: Guid(1ff4c347f6ed0b6499185f81948727fc) Importer(815301076,1909f56bfc062723c751e8b465ee728b)
Start importing Assets/sprites/Wall-jump Top Corner (left).asset using Guid(1ff4c347f6ed0b6499185f81948727fc) Importer(815301076,1909f56bfc062723c751e8b465ee728b)  -> (artifact id: 'daf7af9dbe26c2356da2b2a43d033fd6') in 0.020908 seconds 
========================================================================
Received Import Request.
  Time since last request: 22.406445 seconds.
  path: Assets/sprites/Wall-jump Top (left).asset
  artifactKey: Guid(bc1ee5fd9d29d324e9dc349931776486) Importer(815301076,1909f56bfc062723c751e8b465ee728b)
Start importing Assets/sprites/Wall-jump Top (left).asset using Guid(bc1ee5fd9d29d324e9dc349931776486) Importer(815301076,1909f56bfc062723c751e8b465ee728b)  -> (artifact id: '0678fc0035fe845ef20b0b552480df60') in 0.027502 seconds 
========================================================================
Received Import Request.
  Time since last request: 43.821383 seconds.
  path: Assets/sprites/Wall-jump Middle (left).asset
  artifactKey: Guid(a7b6dccb89c3d3543a4c5396e6bf5607) Importer(815301076,1909f56bfc062723c751e8b465ee728b)
Start importing Assets/sprites/Wall-jump Middle (left).asset using Guid(a7b6dccb89c3d3543a4c5396e6bf5607) Importer(815301076,1909f56bfc062723c751e8b465ee728b)  -> (artifact id: '3289de22832163e4d738c9935591b158') in 0.029947 seconds 
========================================================================
Received Import Request.
  Time since last request: 45.281217 seconds.
  path: Assets/sprites/Wall-jump Bottem Corner (left).asset
  artifactKey: Guid(2c67726ceb00c51448ec7f5a0d7674ca) Importer(815301076,1909f56bfc062723c751e8b465ee728b)
Start importing Assets/sprites/Wall-jump Bottem Corner (left).asset using Guid(2c67726ceb00c51448ec7f5a0d7674ca) Importer(815301076,1909f56bfc062723c751e8b465ee728b)  -> (artifact id: 'd0ac8dc3cbf9a71e86731f2aa4b21c8e') in 0.021627 seconds 
========================================================================
Received Import Request.
  Time since last request: 94.644423 seconds.
  path: Assets/sprites/Wall-jump Bottem (left).asset
  artifactKey: Guid(23d31c0e7d8e5f34b833352cfb428cd0) Importer(815301076,1909f56bfc062723c751e8b465ee728b)
Start importing Assets/sprites/Wall-jump Bottem (left).asset using Guid(23d31c0e7d8e5f34b833352cfb428cd0) Importer(815301076,1909f56bfc062723c751e8b465ee728b)  -> (artifact id: 'c6a60df46fcff2bbbcb920e44544aff4') in 0.027213 seconds 
========================================================================
Received Import Request.
  Time since last request: 26.339331 seconds.
  path: Assets/sprites/Wall-jump Bottem Corner (left).asset
  artifactKey: Guid(2c67726ceb00c51448ec7f5a0d7674ca) Importer(815301076,1909f56bfc062723c751e8b465ee728b)
Start importing Assets/sprites/Wall-jump Bottem Corner (left).asset using Guid(2c67726ceb00c51448ec7f5a0d7674ca) Importer(815301076,1909f56bfc062723c751e8b465ee728b)  -> (artifact id: 'f65b459439959983851f8230629e9196') in 0.021355 seconds 
========================================================================
Received Prepare
Registering precompiled user dll's ...
Registered in 0.007484 seconds.
Begin MonoManager ReloadAssembly
Native extension for WindowsStandalone target not found
Refreshing native plugins compatible for Editor in 0.67 ms, found 3 plugins.
Preloading 0 native plugins for Editor in 0.00 ms.
Mono: successfully reloaded assembly
- Completed reload, in  1.754 seconds
Domain Reload Profiling:
	ReloadAssembly (1754ms)
		BeginReloadAssembly (205ms)
			ExecutionOrderSort (0ms)
			DisableScriptedObjects (12ms)
			BackupInstance (0ms)
			ReleaseScriptingObjects (0ms)
			CreateAndSetChildDomain (58ms)
		EndReloadAssembly (1441ms)
			LoadAssemblies (167ms)
			RebuildTransferFunctionScriptingTraits (0ms)
			SetupTypeCache (479ms)
			ReleaseScriptCaches (1ms)
			RebuildScriptCaches (92ms)
			SetupLoadedEditorAssemblies (556ms)
				LogAssemblyErrors (0ms)
				InitializePlatformSupportModulesInManaged (8ms)
				SetLoadedEditorAssemblies (1ms)
				RefreshPlugins (1ms)
				BeforeProcessingInitializeOnLoad (158ms)
				ProcessInitializeOnLoadAttributes (351ms)
				ProcessInitializeOnLoadMethodAttributes (26ms)
				AfterProcessingInitializeOnLoad (11ms)
				EditorAssembliesLoaded (0ms)
			ExecutionOrderSort2 (0ms)
			AwakeInstancesAfterBackupRestoration (7ms)
Platform modules already initialized, skipping
Refreshing native plugins compatible for Editor in 1.11 ms, found 3 plugins.
Preloading 0 native plugins for Editor in 0.00 ms.
Unloading 2216 Unused Serialized files (Serialized files now loaded: 0)
System memory in use before: 100.7 MB.
System memory in use after: 100.7 MB.

Unloading 20 unused Assets to reduce memory usage. Loaded Objects now: 2670.
Total: 8.479900 ms (FindLiveObjects: 0.373500 ms CreateObjectMapping: 0.561200 ms MarkObjects: 6.776700 ms  DeleteObjects: 0.766200 ms)

AssetImportParameters requested are different than current active one (requested -> active):
  custom:framework-win-MediaFoundation: 216162199b28c13a410421893ffa2e32 -> 
  custom:video-decoder-ogg-theora: a1e56fd34408186e4bbccfd4996cb3dc -> 
  custom:container-muxer-webm: aa71ff27fc2769a1b78a27578f13a17b -> 
  custom:container-demuxer-webm: 4f35f7cbe854078d1ac9338744f61a02 -> 
  custom:container-demuxer-ogg: 62fdf1f143b41e24485cea50d1cbac27 -> 
  custom:video-encoder-webm-vp8: eb34c28f22e8b96e1ab97ce403110664 -> 
  custom:video-decoder-webm-vp8: 9c59270c3fd7afecdb556c50c9e8de78 -> 
  custom:audio-decoder-ogg-vorbis: bf7c407c2cedff20999df2af8eb42d56 -> 
  custom:audio-encoder-webm-vorbis: bf7c407c2cedff20999df2af8eb42d56 -> 
========================================================================
Received Import Request.
  Time since last request: 1193.580099 seconds.
  path: Assets/sprites/Level 3.prefab
  artifactKey: Guid(10383febc0cb89e44ab79d2f7f23f208) Importer(815301076,1909f56bfc062723c751e8b465ee728b)
Start importing Assets/sprites/Level 3.prefab using Guid(10383febc0cb89e44ab79d2f7f23f208) Importer(815301076,1909f56bfc062723c751e8b465ee728b)  -> (artifact id: 'bb2f7b5529ab33096bd999285e1e72fc') in 0.162424 seconds 
========================================================================
Received Prepare
Registering precompiled user dll's ...
Registered in 0.005835 seconds.
Begin MonoManager ReloadAssembly
Native extension for WindowsStandalone target not found
Refreshing native plugins compatible for Editor in 1.48 ms, found 3 plugins.
Preloading 0 native plugins for Editor in 0.00 ms.
Mono: successfully reloaded assembly
- Completed reload, in  2.223 seconds
Domain Reload Profiling:
	ReloadAssembly (2224ms)
		BeginReloadAssembly (218ms)
			ExecutionOrderSort (0ms)
			DisableScriptedObjects (14ms)
			BackupInstance (0ms)
			ReleaseScriptingObjects (0ms)
			CreateAndSetChildDomain (66ms)
		EndReloadAssembly (1887ms)
			LoadAssemblies (199ms)
			RebuildTransferFunctionScriptingTraits (0ms)
			SetupTypeCache (609ms)
			ReleaseScriptCaches (3ms)
			RebuildScriptCaches (155ms)
			SetupLoadedEditorAssemblies (683ms)
				LogAssemblyErrors (0ms)
				InitializePlatformSupportModulesInManaged (18ms)
				SetLoadedEditorAssemblies (1ms)
				RefreshPlugins (2ms)
				BeforeProcessingInitializeOnLoad (184ms)
				ProcessInitializeOnLoadAttributes (431ms)
				ProcessInitializeOnLoadMethodAttributes (37ms)
				AfterProcessingInitializeOnLoad (10ms)
				EditorAssembliesLoaded (0ms)
			ExecutionOrderSort2 (0ms)
			AwakeInstancesAfterBackupRestoration (7ms)
Platform modules already initialized, skipping
Refreshing native plugins compatible for Editor in 2.49 ms, found 3 plugins.
Preloading 0 native plugins for Editor in 0.00 ms.
Unloading 2216 Unused Serialized files (Serialized files now loaded: 0)
System memory in use before: 100.7 MB.
System memory in use after: 100.7 MB.

Unloading 20 unused Assets to reduce memory usage. Loaded Objects now: 2674.
Total: 5.820200 ms (FindLiveObjects: 0.302200 ms CreateObjectMapping: 0.089100 ms MarkObjects: 5.232900 ms  DeleteObjects: 0.194200 ms)

AssetImportParameters requested are different than current active one (requested -> active):
  custom:framework-win-MediaFoundation: 216162199b28c13a410421893ffa2e32 -> 
  custom:video-decoder-ogg-theora: a1e56fd34408186e4bbccfd4996cb3dc -> 
  custom:container-muxer-webm: aa71ff27fc2769a1b78a27578f13a17b -> 
  custom:container-demuxer-webm: 4f35f7cbe854078d1ac9338744f61a02 -> 
  custom:container-demuxer-ogg: 62fdf1f143b41e24485cea50d1cbac27 -> 
  custom:video-encoder-webm-vp8: eb34c28f22e8b96e1ab97ce403110664 -> 
  custom:video-decoder-webm-vp8: 9c59270c3fd7afecdb556c50c9e8de78 -> 
  custom:audio-decoder-ogg-vorbis: bf7c407c2cedff20999df2af8eb42d56 -> 
  custom:audio-encoder-webm-vorbis: bf7c407c2cedff20999df2af8eb42d56 -> 
========================================================================
Received Import Request.
  Time since last request: 2008.950729 seconds.
  path: Assets/sprites/Ground Texture 2.png
  artifactKey: Guid(9ba948d110ffb2d4795571275871ae3c) Importer(815301076,1909f56bfc062723c751e8b465ee728b)
Start importing Assets/sprites/Ground Texture 2.png using Guid(9ba948d110ffb2d4795571275871ae3c) Importer(815301076,1909f56bfc062723c751e8b465ee728b)  -> (artifact id: '096e955c8d28d1eafaf99b3f358f96c1') in 0.147107 seconds 
========================================================================
Received Import Request.
  Time since last request: 17.962925 seconds.
  path: Assets/sprites/Ground Texture 2.png
  artifactKey: Guid(9ba948d110ffb2d4795571275871ae3c) Importer(815301076,1909f56bfc062723c751e8b465ee728b)
Start importing Assets/sprites/Ground Texture 2.png using Guid(9ba948d110ffb2d4795571275871ae3c) Importer(815301076,1909f56bfc062723c751e8b465ee728b)  -> (artifact id: '696074b60b4ef27cec537aa188b993d9') in 0.044468 seconds 
========================================================================
Received Import Request.
  Time since last request: 7.573692 seconds.
  path: Assets/sprites/Ground Texture 2.png
  artifactKey: Guid(9ba948d110ffb2d4795571275871ae3c) Importer(815301076,1909f56bfc062723c751e8b465ee728b)
Start importing Assets/sprites/Ground Texture 2.png using Guid(9ba948d110ffb2d4795571275871ae3c) Importer(815301076,1909f56bfc062723c751e8b465ee728b)  -> (artifact id: 'a111ca2aedbb6541304f201f0310b917') in 0.018690 seconds 
========================================================================
Received Import Request.
  Time since last request: 39.452991 seconds.
  path: Assets/sprites/Ground Texture 2.png
  artifactKey: Guid(9ba948d110ffb2d4795571275871ae3c) Importer(815301076,1909f56bfc062723c751e8b465ee728b)
Start importing Assets/sprites/Ground Texture 2.png using Guid(9ba948d110ffb2d4795571275871ae3c) Importer(815301076,1909f56bfc062723c751e8b465ee728b)  -> (artifact id: '0a63f184c1357820ce4e1529a94798c0') in 0.108756 seconds 
========================================================================
Received Prepare
Registering precompiled user dll's ...
Registered in 0.007870 seconds.
Begin MonoManager ReloadAssembly
Native extension for WindowsStandalone target not found
Refreshing native plugins compatible for Editor in 0.87 ms, found 3 plugins.
Preloading 0 native plugins for Editor in 0.00 ms.
Mono: successfully reloaded assembly
- Completed reload, in  2.378 seconds
Domain Reload Profiling:
	ReloadAssembly (2379ms)
		BeginReloadAssembly (259ms)
			ExecutionOrderSort (0ms)
			DisableScriptedObjects (15ms)
			BackupInstance (0ms)
			ReleaseScriptingObjects (0ms)
			CreateAndSetChildDomain (73ms)
		EndReloadAssembly (1981ms)
			LoadAssemblies (248ms)
			RebuildTransferFunctionScriptingTraits (0ms)
			SetupTypeCache (639ms)
			ReleaseScriptCaches (2ms)
			RebuildScriptCaches (119ms)
			SetupLoadedEditorAssemblies (790ms)
				LogAssemblyErrors (0ms)
				InitializePlatformSupportModulesInManaged (13ms)
				SetLoadedEditorAssemblies (1ms)
				RefreshPlugins (1ms)
				BeforeProcessingInitializeOnLoad (208ms)
				ProcessInitializeOnLoadAttributes (517ms)
				ProcessInitializeOnLoadMethodAttributes (37ms)
				AfterProcessingInitializeOnLoad (12ms)
				EditorAssembliesLoaded (1ms)
			ExecutionOrderSort2 (0ms)
			AwakeInstancesAfterBackupRestoration (8ms)
Platform modules already initialized, skipping
Refreshing native plugins compatible for Editor in 1.09 ms, found 3 plugins.
Preloading 0 native plugins for Editor in 0.00 ms.
Unloading 2216 Unused Serialized files (Serialized files now loaded: 0)
System memory in use before: 100.8 MB.
System memory in use after: 100.7 MB.

Unloading 20 unused Assets to reduce memory usage. Loaded Objects now: 2680.
Total: 7.965800 ms (FindLiveObjects: 1.966100 ms CreateObjectMapping: 0.170300 ms MarkObjects: 5.546700 ms  DeleteObjects: 0.281300 ms)

AssetImportParameters requested are different than current active one (requested -> active):
  custom:framework-win-MediaFoundation: 216162199b28c13a410421893ffa2e32 -> 
  custom:video-decoder-ogg-theora: a1e56fd34408186e4bbccfd4996cb3dc -> 
  custom:container-muxer-webm: aa71ff27fc2769a1b78a27578f13a17b -> 
  custom:container-demuxer-webm: 4f35f7cbe854078d1ac9338744f61a02 -> 
  custom:container-demuxer-ogg: 62fdf1f143b41e24485cea50d1cbac27 -> 
  custom:video-encoder-webm-vp8: eb34c28f22e8b96e1ab97ce403110664 -> 
  custom:video-decoder-webm-vp8: 9c59270c3fd7afecdb556c50c9e8de78 -> 
  custom:audio-decoder-ogg-vorbis: bf7c407c2cedff20999df2af8eb42d56 -> 
  custom:audio-encoder-webm-vorbis: bf7c407c2cedff20999df2af8eb42d56 -> 
========================================================================
Received Import Request.
  Time since last request: 164.250330 seconds.
  path: Assets/sprites
  artifactKey: Guid(8dea2ced1e10a344ba7b11e93bc7b798) Importer(815301076,1909f56bfc062723c751e8b465ee728b)
Start importing Assets/sprites using Guid(8dea2ced1e10a344ba7b11e93bc7b798) Importer(815301076,1909f56bfc062723c751e8b465ee728b)  -> (artifact id: 'd5e2031108c9d9859ab140839e3faf56') in 0.026352 seconds 
========================================================================
Received Import Request.
  Time since last request: 52.009877 seconds.
  path: Assets/sprites/Ground Atlas.spriteatlas
  artifactKey: Guid(6e4768deeeef5fc4aabc22bfa2bd027f) Importer(815301076,1909f56bfc062723c751e8b465ee728b)
Start importing Assets/sprites/Ground Atlas.spriteatlas using Guid(6e4768deeeef5fc4aabc22bfa2bd027f) Importer(815301076,1909f56bfc062723c751e8b465ee728b)  -> (artifact id: '87468937b4d6e04c0cdfc5e8dec11e4b') in 0.035749 seconds 
========================================================================
Received Import Request.
  Time since last request: 61.448725 seconds.
  path: Assets/sprites/Ground Base Inner Corner (left) 1.asset
  artifactKey: Guid(70ac9065d494b2a4091ab5ec6912eeff) Importer(815301076,1909f56bfc062723c751e8b465ee728b)
Start importing Assets/sprites/Ground Base Inner Corner (left) 1.asset using Guid(70ac9065d494b2a4091ab5ec6912eeff) Importer(815301076,1909f56bfc062723c751e8b465ee728b)  -> (artifact id: '4821691ad96eb479a6dfc7a8e8d0f33d') in 0.075396 seconds 
========================================================================
Received Import Request.
  Time since last request: 45.809162 seconds.
  path: Packages/com.unity.services.core/Editor/Core/UiHelpers/UXML/AccessTokenError.uxml
  artifactKey: Guid(9bbe9fb6e9537684cac89a4e82cf3d63) Importer(815301076,1909f56bfc062723c751e8b465ee728b)
Start importing Packages/com.unity.services.core/Editor/Core/UiHelpers/UXML/AccessTokenError.uxml using Guid(9bbe9fb6e9537684cac89a4e82cf3d63) Importer(815301076,1909f56bfc062723c751e8b465ee728b)  -> (artifact id: '881d24b4bf639c31750a596702c9d503') in 0.049715 seconds 
========================================================================
Received Import Request.
  Time since last request: 0.274719 seconds.
  path: Packages/com.unity.collab-proxy/Editor/Collaborate/Assets/Icons/added-file-dark.png
  artifactKey: Guid(1a4f52b613391cd449af3ad2e44affeb) Importer(815301076,1909f56bfc062723c751e8b465ee728b)
Start importing Packages/com.unity.collab-proxy/Editor/Collaborate/Assets/Icons/added-file-dark.png using Guid(1a4f52b613391cd449af3ad2e44affeb) Importer(815301076,1909f56bfc062723c751e8b465ee728b)  -> (artifact id: 'b6c50c6b02d9b73c5e2e4a85549794a4') in 0.056732 seconds 
========================================================================
Received Import Request.
  Time since last request: 0.000459 seconds.
  path: Packages/com.unity.collab-proxy/Editor/Collaborate/Assets/Icons/added-file-dark@2x.png
  artifactKey: Guid(c223e0c507e2c6549a2cb97441b62cbe) Importer(815301076,1909f56bfc062723c751e8b465ee728b)
Start importing Packages/com.unity.collab-proxy/Editor/Collaborate/Assets/Icons/added-file-dark@2x.png using Guid(c223e0c507e2c6549a2cb97441b62cbe) Importer(815301076,1909f56bfc062723c751e8b465ee728b)  -> (artifact id: 'f9424499d8ed03e8df785259fedae1b3') in 0.042928 seconds 
========================================================================
Received Prepare
Refreshing native plugins compatible for Editor in 16.07 ms, found 3 plugins.
Preloading 0 native plugins for Editor in 0.00 ms.
Unloading 18 Unused Serialized files (Serialized files now loaded: 0)
System memory in use before: 57.6 MB.
System memory in use after: 57.5 MB.

Unloading 18 unused Assets to reduce memory usage. Loaded Objects now: 2682.
Total: 7.254300 ms (FindLiveObjects: 0.292800 ms CreateObjectMapping: 0.080200 ms MarkObjects: 6.679500 ms  DeleteObjects: 0.200600 ms)

AssetImportParameters requested are different than current active one (requested -> active):
  custom:framework-win-MediaFoundation: 216162199b28c13a410421893ffa2e32 -> 
  custom:video-decoder-ogg-theora: a1e56fd34408186e4bbccfd4996cb3dc -> 
  custom:container-muxer-webm: aa71ff27fc2769a1b78a27578f13a17b -> 
  custom:container-demuxer-webm: 4f35f7cbe854078d1ac9338744f61a02 -> 
  custom:container-demuxer-ogg: 62fdf1f143b41e24485cea50d1cbac27 -> 
  custom:video-encoder-webm-vp8: eb34c28f22e8b96e1ab97ce403110664 -> 
  custom:video-decoder-webm-vp8: 9c59270c3fd7afecdb556c50c9e8de78 -> 
  custom:audio-decoder-ogg-vorbis: bf7c407c2cedff20999df2af8eb42d56 -> 
  custom:audio-encoder-webm-vorbis: bf7c407c2cedff20999df2af8eb42d56 -> 
========================================================================
Received Import Request.
  Time since last request: 49.458289 seconds.
  path: Assets/sprites/Ground Atlas.spriteatlas
  artifactKey: Guid(6e4768deeeef5fc4aabc22bfa2bd027f) Importer(815301076,1909f56bfc062723c751e8b465ee728b)
Start importing Assets/sprites/Ground Atlas.spriteatlas using Guid(6e4768deeeef5fc4aabc22bfa2bd027f) Importer(815301076,1909f56bfc062723c751e8b465ee728b)  -> (artifact id: 'cff69896514b2e987a8fb94ea0bb61de') in 0.010648 seconds 
========================================================================
Received Prepare
Registering precompiled user dll's ...
Registered in 0.009444 seconds.
Begin MonoManager ReloadAssembly
Native extension for WindowsStandalone target not found
Refreshing native plugins compatible for Editor in 2.36 ms, found 3 plugins.
Preloading 0 native plugins for Editor in 0.00 ms.
Mono: successfully reloaded assembly
- Completed reload, in  1.744 seconds
Domain Reload Profiling:
	ReloadAssembly (1745ms)
		BeginReloadAssembly (218ms)
			ExecutionOrderSort (0ms)
			DisableScriptedObjects (32ms)
			BackupInstance (0ms)
			ReleaseScriptingObjects (0ms)
			CreateAndSetChildDomain (56ms)
		EndReloadAssembly (1421ms)
			LoadAssemblies (176ms)
			RebuildTransferFunctionScriptingTraits (0ms)
			SetupTypeCache (465ms)
			ReleaseScriptCaches (1ms)
			RebuildScriptCaches (83ms)
			SetupLoadedEditorAssemblies (557ms)
				LogAssemblyErrors (0ms)
				InitializePlatformSupportModulesInManaged (15ms)
				SetLoadedEditorAssemblies (1ms)
				RefreshPlugins (3ms)
				BeforeProcessingInitializeOnLoad (151ms)
				ProcessInitializeOnLoadAttributes (340ms)
				ProcessInitializeOnLoadMethodAttributes (34ms)
				AfterProcessingInitializeOnLoad (13ms)
				EditorAssembliesLoaded (0ms)
			ExecutionOrderSort2 (0ms)
			AwakeInstancesAfterBackupRestoration (6ms)
Platform modules already initialized, skipping
Refreshing native plugins compatible for Editor in 1.07 ms, found 3 plugins.
Preloading 0 native plugins for Editor in 0.00 ms.
Unloading 2216 Unused Serialized files (Serialized files now loaded: 0)
System memory in use before: 100.8 MB.
System memory in use after: 100.7 MB.

Unloading 21 unused Assets to reduce memory usage. Loaded Objects now: 2685.
Total: 4.362100 ms (FindLiveObjects: 0.303500 ms CreateObjectMapping: 0.154300 ms MarkObjects: 3.655600 ms  DeleteObjects: 0.247100 ms)

AssetImportParameters requested are different than current active one (requested -> active):
  custom:framework-win-MediaFoundation: 216162199b28c13a410421893ffa2e32 -> 
  custom:video-decoder-ogg-theora: a1e56fd34408186e4bbccfd4996cb3dc -> 
  custom:container-muxer-webm: aa71ff27fc2769a1b78a27578f13a17b -> 
  custom:container-demuxer-webm: 4f35f7cbe854078d1ac9338744f61a02 -> 
  custom:container-demuxer-ogg: 62fdf1f143b41e24485cea50d1cbac27 -> 
  custom:video-encoder-webm-vp8: eb34c28f22e8b96e1ab97ce403110664 -> 
  custom:video-decoder-webm-vp8: 9c59270c3fd7afecdb556c50c9e8de78 -> 
  custom:audio-decoder-ogg-vorbis: bf7c407c2cedff20999df2af8eb42d56 -> 
  custom:audio-encoder-webm-vorbis: bf7c407c2cedff20999df2af8eb42d56 -> 
AssetImportWorkerClient::OnTransportError - code=2 error=End of file
